0 info it worked if it ends with ok
1 verbose cli [ '/Users/elison/.nvm/versions/node/v7.7.3/bin/node',
1 verbose cli   '/Users/elison/.nvm/versions/node/v7.7.3/bin/npm',
1 verbose cli   'publish' ]
2 info using npm@4.1.2
3 info using node@v7.7.3
4 verbose publish [ '.' ]
5 silly cache add args [ '.', null ]
6 verbose cache add spec .
7 silly cache add parsed spec Result {
7 silly cache add   raw: '.',
7 silly cache add   scope: null,
7 silly cache add   escapedName: null,
7 silly cache add   name: null,
7 silly cache add   rawSpec: '.',
7 silly cache add   spec: '/Users/elison/Projects/javascript/turntable',
7 silly cache add   type: 'directory' }
8 verbose addLocalDirectory /Users/elison/.npm/@flyme/lottery-turntable/1.3.6/package.tgz not in flight; packing
9 verbose correctMkdir /Users/elison/.npm correctMkdir not in flight; initializing
10 info lifecycle @flyme/lottery-turntable@1.3.6~prepublish: @flyme/lottery-turntable@1.3.6
11 silly lifecycle @flyme/lottery-turntable@1.3.6~prepublish: no script for prepublish, continuing
12 info lifecycle @flyme/lottery-turntable@1.3.6~prepare: @flyme/lottery-turntable@1.3.6
13 silly lifecycle @flyme/lottery-turntable@1.3.6~prepare: no script for prepare, continuing
14 verbose tar pack [ '/Users/elison/.npm/@flyme/lottery-turntable/1.3.6/package.tgz',
14 verbose tar pack   '/Users/elison/Projects/javascript/turntable' ]
15 verbose tarball /Users/elison/.npm/@flyme/lottery-turntable/1.3.6/package.tgz
16 verbose folder /Users/elison/Projects/javascript/turntable
17 verbose addLocalTarball adding from inside cache /Users/elison/.npm/@flyme/lottery-turntable/1.3.6/package.tgz
18 verbose correctMkdir /Users/elison/.npm correctMkdir not in flight; initializing
19 silly cache afterAdd @flyme/lottery-turntable@1.3.6
20 verbose afterAdd /Users/elison/.npm/@flyme/lottery-turntable/1.3.6/package/package.json not in flight; writing
21 verbose correctMkdir /Users/elison/.npm correctMkdir not in flight; initializing
22 verbose afterAdd /Users/elison/.npm/@flyme/lottery-turntable/1.3.6/package/package.json written
23 silly publish { name: '@flyme/lottery-turntable',
23 silly publish   version: '1.3.6',
23 silly publish   description: 'turntable for lottery',
23 silly publish   main: 'lib/turntable.js',
23 silly publish   scripts:
23 silly publish    { dev: 'rollup -c -w',
23 silly publish      build: 'rollup -c',
23 silly publish      release: 'rollup -c && uglifyjs -o build/turntable.min.js lib/turntable.js',
23 silly publish      test: 'echo "Error: no test specified" && exit 1' },
23 silly publish   repository:
23 silly publish    { type: 'git',
23 silly publish      url: 'git+https://github.com/coffeedeveloper/turntable.git' },
23 silly publish   keywords: [ 'lottery', 'turntable' ],
23 silly publish   author: { name: 'CoffeeDeveloper' },
23 silly publish   license: 'MIT',
23 silly publish   bugs: { url: 'https://github.com/coffeedeveloper/turntable/issues' },
23 silly publish   publishConfig: { registry: 'http://172.17.132.227:8888/' },
23 silly publish   homepage: 'https://github.com/coffeedeveloper/turntable#readme',
23 silly publish   devDependencies:
23 silly publish    { rollup: '^0.41.4',
23 silly publish      'rollup-plugin-buble': '^0.15.0',
23 silly publish      'rollup-plugin-commonjs': '^7.0.0',
23 silly publish      'rollup-plugin-node-resolve': '^2.0.0',
23 silly publish      'rollup-watch': '^3.2.2',
23 silly publish      'uglify-js': '^2.6.2' },
23 silly publish   readme: '# 抽奖转盘\n\n由于每个抽奖活动的样式都会不一样，因此这个插件只实现了绘画转盘及转盘转动的模块。\n点击抽奖按钮，和抽奖转盘的外框则自行实现，可以参考`examples`里面的例子。\n\n\n\n**支持IE9以上版本浏览器**\n\n#### 示例\n\n![示例](http://oap12gnk8.bkt.clouddn.com/turntable-example.png)\n- [默认方式转盘](http://example.coffeedeveloper.com/turntable/examples/frame.html)\n- [transition方式转盘](http:///example.coffeedeveloper.com/turntable/examples/transition.html)\n\n#### 接口说明\n```javascript\nvar turntable = new Turntable({\n  size: 320, //转盘尺寸，默认为320\n  textSpace: 15, //奖品名称距离转盘边距，默认为15\n  imgSpace: 50, //奖品图片距离转盘边距，默认为50\n  speed: 5, //触发start事件后，转盘开始转动的速度，数字必须能给360整除\n  fastSpeed: 10, //转盘进入高速转动的速度，数字必须能够给360整除\n  slowSpeed: 5, //转盘从高速转动降下来的速度，数字必须能够给360整除\n  speedUp: 2000, //多少毫秒后进入高速转动\n  speedDown: 2000, //触发stop事件后，多少毫秒进入缓速\n  values: [], //奖品对象，根据传多少个奖品对象，自动生成相应数量的转盘抽奖内容\n  container: document.getElementById(\'id\') //转盘的容器，如果设置了之后，new Turntable的时候会自动填充内容\n});\n```\n\n#### 新增支持`transition`方式\n\n```javascript\nvar turntabl = new Turntable({\n  type: \'transition\', //转盘转动类型\n  size: 320, //转盘尺寸，默认为320\n  textSpace: 15, //奖品名称距离转盘边距，默认为15\n  imgSpace: 50, //奖品图片距离转盘边距，默认为50\n  speed: 5, //transition动画持续多长时间，秒为单位\n  ring: 8, //转动多少圈后到达终点，越大转速越快\n  values: [], //奖品对象，根据传多少个奖品对象，自动生成相应数量的转盘抽奖内容\n  container: document.getElementById(\'id\') //转盘的容器，如果设置了之后，new Turntable的时候会自动填充内容\n});\n```\n\n#### turntable的奖品对象说明\n\n```javascript\nvar turntable = new Turntable({\n  values: [\n    {\n      id: 1, //奖品id，可以重复（比如：谢谢参与就可以有n个，中奖后会随即选择一个转动到该位置\n      name: \'一等奖\', //奖品名称\n      img: {\n        src: \'gift.png\', //奖品图片路径\n        width: 50, //奖品图片宽度，请根据实际情况去设置，避免太大\n        height: 50, //奖品图片高度，请根据实际情况去设置，避免太大，与宽度等比率缩放\n      },\n      bg: \'#ccc\', //该奖品的在转盘中的扇形背景颜色\n      fill: \'#000\' //奖品名称的文字颜色\n    }\n  ]\n});\n```\n\n#### turntable事件说明\n\n##### draw\n将转盘实例化到容器当中，如果设置`container`属性，则不需要调用该方法\n\n```javascript\nturntable.draw(document.getElementById(\'container\'));\n```\n\n#### start（非transition方式的抽奖）\n开始抽奖（开始转动转盘）\n\n```javascript\nturntable.start();\n```\n\n#### stop（非transition方式的抽奖）\n抽奖结束（停止转动转盘）\n\n```javascript\n//id 中奖的奖品id，对应初始化选项里面的values的奖品对象的id\n//callback 转盘滚动结束后，触发回调\nturntable.stop(id, function(data) {\n  console.log(data); //对应在values里面的礼品对象\n});\n```\n\n#### goto（只能用于transition方式的抽奖）\n跳转到指定的id的奖品，在请求后台取得中奖奖品id后，就滚动到对应的奖品\n\n```javascript\n//id 中奖的奖品id，对应初始化选项里面的values的奖品对象的id\n//callback 转盘滚动结束后，触发回调\nturntable.goto(id, function(data) {\n  console.log(data); //对应在values里面的礼品对象\n});\n```\n',
23 silly publish   readmeFilename: 'README.md',
23 silly publish   gitHead: '713238dcad265f568a0862f089fef5b5595a439e',
23 silly publish   _id: '@flyme/lottery-turntable@1.3.6',
23 silly publish   _shasum: 'e37283c707b4e6ed190980e4b432689c98ad3c5f',
23 silly publish   _from: '.' }
24 info lifecycle @flyme/lottery-turntable@1.3.6~prepublishOnly: @flyme/lottery-turntable@1.3.6
25 silly lifecycle @flyme/lottery-turntable@1.3.6~prepublishOnly: no script for prepublishOnly, continuing
26 verbose getPublishConfig { registry: 'http://172.17.132.227:8888/' }
27 silly mapToRegistry name @flyme/lottery-turntable
28 silly mapToRegistry scope (from package name) @flyme
29 verbose mapToRegistry no registry URL found in name for scope @flyme
30 silly mapToRegistry using default registry
31 silly mapToRegistry registry http://172.17.132.227:8888/
32 silly mapToRegistry data Result {
32 silly mapToRegistry   raw: '@flyme/lottery-turntable',
32 silly mapToRegistry   scope: '@flyme',
32 silly mapToRegistry   escapedName: '@flyme%2flottery-turntable',
32 silly mapToRegistry   name: '@flyme/lottery-turntable',
32 silly mapToRegistry   rawSpec: '',
32 silly mapToRegistry   spec: 'latest',
32 silly mapToRegistry   type: 'tag' }
33 silly mapToRegistry uri http://172.17.132.227:8888/@flyme%2flottery-turntable
34 verbose publish registryBase http://172.17.132.227:8888/
35 silly publish uploading /Users/elison/.npm/@flyme/lottery-turntable/1.3.6/package.tgz
36 verbose request uri http://172.17.132.227:8888/@flyme%2flottery-turntable
37 verbose request sending authorization for write operation
38 info attempt registry request try #1 at 4:33:35 PM
39 verbose request using bearer token for auth
40 verbose request id 008d9628dbde45bb
41 http request PUT http://172.17.132.227:8888/@flyme%2flottery-turntable
42 info retry will retry, error on last attempt: Error: connect ETIMEDOUT 172.17.132.227:8888
43 info attempt registry request try #2 at 4:35:00 PM
44 verbose request using bearer token for auth
45 http request PUT http://172.17.132.227:8888/@flyme%2flottery-turntable
46 info retry will retry, error on last attempt: Error: connect ETIMEDOUT 172.17.132.227:8888
47 info attempt registry request try #3 at 4:37:16 PM
48 verbose request using bearer token for auth
49 http request PUT http://172.17.132.227:8888/@flyme%2flottery-turntable
50 verbose request invalidating /Users/elison/.npm/172.17.132.227_8888/_40flyme_252flottery-turntable on PUT
51 error publish Failed PUT undefined
52 verbose stack Error: connect ETIMEDOUT 172.17.132.227:8888
52 verbose stack     at Object.exports._errnoException (util.js:1033:11)
52 verbose stack     at exports._exceptionWithHostPort (util.js:1056:20)
52 verbose stack     at TCPConnectWrap.afterConnect [as oncomplete] (net.js:1099:14)
53 verbose cwd /Users/elison/Projects/javascript/turntable
54 error Darwin 16.4.0
55 error argv "/Users/elison/.nvm/versions/node/v7.7.3/bin/node" "/Users/elison/.nvm/versions/node/v7.7.3/bin/npm" "publish"
56 error node v7.7.3
57 error npm  v4.1.2
58 error code ETIMEDOUT
59 error errno ETIMEDOUT
60 error syscall connect
61 error network connect ETIMEDOUT 172.17.132.227:8888
62 error network This is most likely not a problem with npm itself
62 error network and is related to network connectivity.
62 error network In most cases you are behind a proxy or have bad network settings.
62 error network
62 error network If you are behind a proxy, please make sure that the
62 error network 'proxy' config is set properly.  See: 'npm help config'
63 verbose exit [ 1, true ]
